2018-12-06 15:09:03 +0000  Initial pipeline context: <IDEDistributionProcessingPipelineContext: 0x7f80616ee650; archive(resolved)='<IDEArchive: 0x7f80612e2d80>', distributionTask(resolved)='2', distributionDestination(resolved)='1', distributionMethod(resolved)='<IDEDistributionMethodiOSAppStoreDistribution: 0x7f806153e890>', team(resolved)='<IDEProvisioningDisambiguatableBasicTeam: 0x7f8063d752a0; teamID='QPF299Z3Y5', teamName='Youhong Han', teamType='Individual', username='python@sina.cn', isFreeProvisioningTeam='0'>'>
	Chain (12, self inclusive):
	<IDEDistributionProcessingPipelineContext: 0x7f80616ee650; archive = '<IDEArchive: 0x7f80612e2d80>', distributionMethod='<IDEDistributionMethodiOSAppStoreDistribution: 0x7f806153e890>', team='<IDEProvisioningDisambiguatableBasicTeam: 0x7f8063d752a0; teamID='QPF299Z3Y5', teamName='Youhong Han', teamType='Individual', username='python@sina.cn', isFreeProvisioningTeam='0'>'>
	<IDEDistributionProcessingPipelineContext: 0x7f80629af970; archive = '<IDEArchive: 0x7f80612e2d80>', distributionMethod='<IDEDistributionMethodiOSAppStoreDistribution: 0x7f806153e890>', team='<IDEProvisioningDisambiguatableBasicTeam: 0x7f8063d752a0; teamID='QPF299Z3Y5', teamName='Youhong Han', teamType='Individual', username='python@sina.cn', isFreeProvisioningTeam='0'>'>
	<IDEDistributionContext: 0x7f8063f5ccf0; archive = '<IDEArchive: 0x7f80612e2d80>', distributionMethod='<IDEDistributionMethodiOSAppStoreDistribution: 0x7f806153e890>', team='<IDEProvisioningDisambiguatableBasicTeam: 0x7f8063d752a0; teamID='QPF299Z3Y5', teamName='Youhong Han', teamType='Individual', username='python@sina.cn', isFreeProvisioningTeam='0'>'>
	<IDEDistributionContext: 0x7f80648240e0; archive = '<IDEArchive: 0x7f80612e2d80>', distributionMethod='<IDEDistributionMethodiOSAppStoreDistribution: 0x7f806153e890>', team='<IDEProvisioningDisambiguatableBasicTeam: 0x7f8063d752a0; teamID='QPF299Z3Y5', teamName='Youhong Han', teamType='Individual', username='python@sina.cn', isFreeProvisioningTeam='0'>'>
	<IDEDistributionContext: 0x7f8064ba03c0; archive = '<IDEArchive: 0x7f80612e2d80>', distributionMethod='<IDEDistributionMethodiOSAppStoreDistribution: 0x7f806153e890>', team='<IDEProvisioningDisambiguatableBasicTeam: 0x7f8063d752a0; teamID='QPF299Z3Y5', teamName='Youhong Han', teamType='Individual', username='python@sina.cn', isFreeProvisioningTeam='0'>'>
	<IDEDistributionContext: 0x7f8062f67090; archive = '<IDEArchive: 0x7f80612e2d80>', distributionMethod='<IDEDistributionMethodiOSAppStoreDistribution: 0x7f806153e890>', team='<IDEProvisioningDisambiguatableBasicTeam: 0x7f8063d752a0; teamID='QPF299Z3Y5', teamName='Youhong Han', teamType='Individual', username='python@sina.cn', isFreeProvisioningTeam='0'>'>
	<IDEDistributionContext: 0x7f80616f4a70; archive = '<IDEArchive: 0x7f80612e2d80>', distributionMethod='<IDEDistributionMethodiOSAppStoreDistribution: 0x7f806153e890>', team='<IDEProvisioningDisambiguatableBasicTeam: 0x7f8063d752a0; teamID='QPF299Z3Y5', teamName='Youhong Han', teamType='Individual', username='python@sina.cn', isFreeProvisioningTeam='0'>'>
	<IDEDistributionContext: 0x7f8062b6d980; archive = '<IDEArchive: 0x7f80612e2d80>', distributionMethod='<IDEDistributionMethodiOSAppStoreDistribution: 0x7f806153e890>', team='<IDEProvisioningDisambiguatableBasicTeam: 0x7f8063d752a0; teamID='QPF299Z3Y5', teamName='Youhong Han', teamType='Individual', username='python@sina.cn', isFreeProvisioningTeam='0'>'>
	<IDEDistributionContext: 0x7f8062aac530; archive = '<IDEArchive: 0x7f80612e2d80>', distributionMethod='<IDEDistributionMethodiOSAppStoreDistribution: 0x7f806153e890>', team='<IDEProvisioningDisambiguatableBasicTeam: 0x7f8063d752a0; teamID='QPF299Z3Y5', teamName='Youhong Han', teamType='Individual', username='python@sina.cn', isFreeProvisioningTeam='0'>'>
	<IDEDistributionContext: 0x7f8063ae3c10; archive = '<IDEArchive: 0x7f80612e2d80>', distributionMethod='<IDEDistributionMethodiOSAppStoreDistribution: 0x7f806153e890>', team='(null)'>
	<IDEDistributionContext: 0x7f80612e58d0; archive = '<IDEArchive: 0x7f80612e2d80>', distributionMethod='<IDEDistributionMethodiOSAppStoreDistribution: 0x7f806153e890>', team='(null)'>
	<IDEDistributionContext: 0x7f8064823a70; archive = '<IDEArchive: 0x7f80612e2d80>', distributionMethod='(null)', team='(null)'>
</IDEDistributionProcessingPipelineContext: 0x7f80616ee650>
2018-12-06 15:09:03 +0000  Processing step: IDEDistributionCreateDestRootStep
2018-12-06 15:09:03 +0000  Processing step: IDEDistributionCopyItemStep
2018-12-06 15:09:03 +0000  Running /usr/bin/ditto '-V' '/Users/hanyouhong/Library/Developer/Xcode/Archives/2018-12-06/GaltWallet 2018-12-6 下午11.08.xcarchive/Products/Applications/SamosWallet.app' '/var/folders/92/51zsrt190wn7xlq924skvywr0000gn/T/XcodeDistPipeline.KP4/Root/Payload/SamosWallet.app'
2018-12-06 15:09:03 +0000  >>> Copying /Users/hanyouhong/Library/Developer/Xcode/Archives/2018-12-06/GaltWallet 2018-12-6 下午11.08.xcarchive/Products/Applications/SamosWallet.app 
2018-12-06 15:09:03 +0000  copying file ./SAMMeCell.nib ... 
2018-12-06 15:09:03 +0000  3396 bytes for ./SAMMeCell.nib
2018-12-06 15:09:03 +0000  copying file ./_CodeSignature/CodeResources ... 
2018-12-06 15:09:03 +0000  24914 bytes for ./_CodeSignature/CodeResources
2018-12-06 15:09:03 +0000  copying file ./SAMWalletMemorizingWordsItem.nib ... 
2018-12-06 15:09:03 +0000  4140 bytes for ./SAMWalletMemorizingWordsItem.nib
2018-12-06 15:09:03 +0000  copying file ./zh-Hans.lproj/SAMLanguage.strings ... 
2018-12-06 15:09:03 +0000  566 bytes for ./zh-Hans.lproj/SAMLanguage.strings
2018-12-06 15:09:03 +0000  copying file ./SAMSystemSettingCell.nib ... 
2018-12-06 15:09:03 +0000  3361 bytes for ./SAMSystemSettingCell.nib
copying file ./SAMTradeRecordDetailBottomBar.nib ... 
2018-12-06 15:09:03 +0000  2901 bytes for ./SAMTradeRecordDetailBottomBar.nib
copying file ./AppIcon20x20@2x.png ... 
2018-12-06 15:09:03 +0000  3023 bytes for ./AppIcon20x20@2x.png
copying file ./SAMTradeBottomBar.nib ... 
2018-12-06 15:09:03 +0000  2757 bytes for ./SAMTradeBottomBar.nib
2018-12-06 15:09:03 +0000  copying file ./en.lproj/SAMLanguage.strings ... 
2018-12-06 15:09:03 +0000  602 bytes for ./en.lproj/SAMLanguage.strings
2018-12-06 15:09:03 +0000  copying file ./SAMHomeMenuToolCell.nib ... 
2018-12-06 15:09:03 +0000  3061 bytes for ./SAMHomeMenuToolCell.nib
copying file ./SAMReceiveCell.nib ... 
2018-12-06 15:09:03 +0000  4568 bytes for ./SAMReceiveCell.nib
copying file ./AppIcon20x20@3x.png ... 
2018-12-06 15:09:03 +0000  4931 bytes for ./AppIcon20x20@3x.png
copying file ./SAMSendDetailSheet.nib ... 
2018-12-06 15:09:03 +0000  7506 bytes for ./SAMSendDetailSheet.nib
2018-12-06 15:09:03 +0000  copying file ./MJRefresh.bundle/zh-Hans.lproj/Localizable.strings ... 
2018-12-06 15:09:03 +0000  1194 bytes for ./MJRefresh.bundle/zh-Hans.lproj/Localizable.strings
2018-12-06 15:09:03 +0000  copying file ./MJRefresh.bundle/en.lproj/Localizable.strings ... 
2018-12-06 15:09:03 +0000  1372 bytes for ./MJRefresh.bundle/en.lproj/Localizable.strings
2018-12-06 15:09:03 +0000  copying file ./MJRefresh.bundle/arrow@2x.png ... 
2018-12-06 15:09:03 +0000  1033 bytes for ./MJRefresh.bundle/arrow@2x.png
2018-12-06 15:09:03 +0000  copying file ./MJRefresh.bundle/zh-Hant.lproj/Localizable.strings ... 
2018-12-06 15:09:03 +0000  773 bytes for ./MJRefresh.bundle/zh-Hant.lproj/Localizable.strings
2018-12-06 15:09:03 +0000  copying file ./SAMMeHeaderView.nib ... 
2018-12-06 15:09:03 +0000  3838 bytes for ./SAMMeHeaderView.nib
2018-12-06 15:09:03 +0000  copying file ./AppIcon60x60@2x.png ... 
2018-12-06 15:09:03 +0000  10348 bytes for ./AppIcon60x60@2x.png
copying file ./SAMWalletDetailBottomBar.nib ... 
2018-12-06 15:09:03 +0000  3390 bytes for ./SAMWalletDetailBottomBar.nib
copying file ./SAMCoinTradeRecordListCell.nib ... 
2018-12-06 15:09:03 +0000  4589 bytes for ./SAMCoinTradeRecordListCell.nib
copying file ./AppIcon29x29@2x.png ... 
2018-12-06 15:09:03 +0000  4654 bytes for ./AppIcon29x29@2x.png
copying file ./SAMWalletIconItem.nib ... 
2018-12-06 15:09:03 +0000  3995 bytes for ./SAMWalletIconItem.nib
copying file ./SAMBackupWordsCell.nib ... 
2018-12-06 15:09:03 +0000  6015 bytes for ./SAMBackupWordsCell.nib
copying file ./AppIcon40x40@3x.png ... 
2018-12-06 15:09:03 +0000  10348 bytes for ./AppIcon40x40@3x.png
2018-12-06 15:09:03 +0000  copying file ./SAMWalletPasswordPopView.nib ... 
2018-12-06 15:09:03 +0000  8643 bytes for ./SAMWalletPasswordPopView.nib
2018-12-06 15:09:03 +0000  copying file ./SAMHomeMenuHeaderView.nib ... 
2018-12-06 15:09:03 +0000  2012 bytes for ./SAMHomeMenuHeaderView.nib
2018-12-06 15:09:03 +0000  copying file ./SAMWalletNameItem.nib ... 
2018-12-06 15:09:03 +0000  4135 bytes for ./SAMWalletNameItem.nib
2018-12-06 15:09:03 +0000  copying file ./AppIcon40x40@2x.png ... 
2018-12-06 15:09:03 +0000  6384 bytes for ./AppIcon40x40@2x.png
2018-12-06 15:09:03 +0000  copying file ./SAMVerifyWordsCell.nib ... 
2018-12-06 15:09:03 +0000  6065 bytes for ./SAMVerifyWordsCell.nib
2018-12-06 15:09:03 +0000  copying file ./AppIcon29x29@3x.png ... 
2018-12-06 15:09:03 +0000  7100 bytes for ./AppIcon29x29@3x.png
2018-12-06 15:09:03 +0000  copying file ./SAMReceiveBottomBar.nib ... 
2018-12-06 15:09:03 +0000  3291 bytes for ./SAMReceiveBottomBar.nib
2018-12-06 15:09:03 +0000  copying file ./LaunchScreen.nib ... 
2018-12-06 15:09:03 +0000  1572 bytes for ./LaunchScreen.nib
2018-12-06 15:09:03 +0000  copying file ./SAMWalletDetailCell.nib ... 
2018-12-06 15:09:03 +0000  6070 bytes for ./SAMWalletDetailCell.nib
2018-12-06 15:09:03 +0000  copying file ./AppIcon60x60@3x.png ... 
2018-12-06 15:09:03 +0000  14083 bytes for ./AppIcon60x60@3x.png
copying file ./SAMSendInputPwdSheet.nib ... 
2018-12-06 15:09:03 +0000  6001 bytes for ./SAMSendInputPwdSheet.nib
2018-12-06 15:09:03 +0000  copying file ./SamosWallet ... 
2018-12-06 15:09:03 +0000  14764928 bytes for ./SamosWallet
2018-12-06 15:09:03 +0000  copying file ./SAMSaveWordsAlert.nib ... 
5100 bytes for ./SAMSaveWordsAlert.nib
copying file ./SAMSendBottomBar.nib ... 
2876 bytes for ./SAMSendBottomBar.nib
copying file ./SAMCoinDetailHeader.nib ... 
5370 bytes for ./SAMCoinDetailHeader.nib
copying file ./SAMGuideScrollViewItem.nib ... 
2165 bytes for ./SAMGuideScrollViewItem.nib
copying file ./SAMSelectLanuageSheet.nib/objects-11.0+.nib ... 
2018-12-06 15:09:03 +0000  4395 bytes for ./SAMSelectLanuageSheet.nib/objects-11.0+.nib
2018-12-06 15:09:03 +0000  copying file ./SAMSelectLanuageSheet.nib/runtime.nib ... 
2018-12-06 15:09:03 +0000  4520 bytes for ./SAMSelectLanuageSheet.nib/runtime.nib
2018-12-06 15:09:03 +0000  copying file ./Assets.car ... 
2018-12-06 15:09:03 +0000  15321064 bytes for ./Assets.car
2018-12-06 15:09:03 +0000  copying file ./SAMLoadingView.nib ... 
3568 bytes for ./SAMLoadingView.nib
copying file ./SAMHomeMenuWalletCell.nib ... 
3791 bytes for ./SAMHomeMenuWalletCell.nib
copying file ./SAMAboutUsHeaderView.nib ... 
3240 bytes for ./SAMAboutUsHeaderView.nib
copying file ./SAMFirstManageWalletCell.nib ... 
5616 bytes for ./SAMFirstManageWalletCell.nib
copying file ./SAMHomeWalletCoinCell.nib ... 
4861 bytes for ./SAMHomeWalletCoinCell.nib
copying file ./SAMSendCell.nib ... 
6024 bytes for ./SAMSendCell.nib
copying file ./SAMVersionCell.nib ... 
2925 bytes for ./SAMVersionCell.nib
copying file ./SAMHomeWalletHeaderView.nib ... 
5634 bytes for ./SAMHomeWalletHeaderView.nib
copying file ./SAMManageWalletBottomView.nib ... 
2018-12-06 15:09:03 +0000  3283 bytes for ./SAMManageWalletBottomView.nib
2018-12-06 15:09:03 +0000  copying file ./SAMWalletIconListItem.nib ... 
2018-12-06 15:09:03 +0000  2522 bytes for ./SAMWalletIconListItem.nib
2018-12-06 15:09:03 +0000  copying file ./embedded.mobileprovision ... 
2018-12-06 15:09:03 +0000  11477 bytes for ./embedded.mobileprovision
2018-12-06 15:09:03 +0000  copying file ./SVProgressHUD.bundle/info.png ... 
2018-12-06 15:09:03 +0000  365 bytes for ./SVProgressHUD.bundle/info.png
2018-12-06 15:09:03 +0000  copying file ./SVProgressHUD.bundle/error@3x.png ... 
2018-12-06 15:09:03 +0000  398 bytes for ./SVProgressHUD.bundle/error@3x.png
2018-12-06 15:09:03 +0000  copying file ./SVProgressHUD.bundle/angle-mask@3x.png ... 
2018-12-06 15:09:03 +0000  8319 bytes for ./SVProgressHUD.bundle/angle-mask@3x.png
2018-12-06 15:09:03 +0000  copying file ./SVProgressHUD.bundle/angle-mask@2x.png ... 
2018-12-06 15:09:03 +0000  4893 bytes for ./SVProgressHUD.bundle/angle-mask@2x.png
2018-12-06 15:09:03 +0000  copying file ./SVProgressHUD.bundle/error@2x.png ... 
2018-12-06 15:09:03 +0000  306 bytes for ./SVProgressHUD.bundle/error@2x.png
2018-12-06 15:09:03 +0000  copying file ./SVProgressHUD.bundle/info@3x.png ... 
2018-12-06 15:09:03 +0000  1200 bytes for ./SVProgressHUD.bundle/info@3x.png
2018-12-06 15:09:03 +0000  copying file ./SVProgressHUD.bundle/success@2x.png ... 
2018-12-06 15:09:03 +0000  462 bytes for ./SVProgressHUD.bundle/success@2x.png
2018-12-06 15:09:03 +0000  copying file ./SVProgressHUD.bundle/success@3x.png ... 
2018-12-06 15:09:03 +0000  714 bytes for ./SVProgressHUD.bundle/success@3x.png
2018-12-06 15:09:03 +0000  copying file ./SVProgressHUD.bundle/info@2x.png ... 
2018-12-06 15:09:03 +0000  816 bytes for ./SVProgressHUD.bundle/info@2x.png
2018-12-06 15:09:03 +0000  copying file ./SVProgressHUD.bundle/error.png ... 
2018-12-06 15:09:03 +0000  184 bytes for ./SVProgressHUD.bundle/error.png
2018-12-06 15:09:03 +0000  copying file ./SVProgressHUD.bundle/success.png ... 
2018-12-06 15:09:03 +0000  262 bytes for ./SVProgressHUD.bundle/success.png
2018-12-06 15:09:03 +0000  copying file ./SVProgressHUD.bundle/angle-mask.png ... 
2018-12-06 15:09:03 +0000  1845 bytes for ./SVProgressHUD.bundle/angle-mask.png
2018-12-06 15:09:03 +0000  copying file ./SAMSelectLanuageCell.nib ... 
2018-12-06 15:09:03 +0000  3447 bytes for ./SAMSelectLanuageCell.nib
2018-12-06 15:09:03 +0000  copying file ./SAMSelectUnitSheet.nib/objects-11.0+.nib ... 
2018-12-06 15:09:03 +0000  4394 bytes for ./SAMSelectUnitSheet.nib/objects-11.0+.nib
copying file ./SAMSelectUnitSheet.nib/runtime.nib ... 
2018-12-06 15:09:03 +0000  4522 bytes for ./SAMSelectUnitSheet.nib/runtime.nib
2018-12-06 15:09:03 +0000  copying file ./Info.plist ... 
2018-12-06 15:09:03 +0000  1467 bytes for ./Info.plist
2018-12-06 15:09:03 +0000  copying file ./SAMTradeRecordDetailCell.nib ... 
2018-12-06 15:09:03 +0000  8656 bytes for ./SAMTradeRecordDetailCell.nib
2018-12-06 15:09:03 +0000  copying file ./SAMAddNewCoinCell.nib ... 
2018-12-06 15:09:03 +0000  4632 bytes for ./SAMAddNewCoinCell.nib
2018-12-06 15:09:03 +0000  copying file ./PkgInfo ... 
2018-12-06 15:09:03 +0000  8 bytes for ./PkgInfo
2018-12-06 15:09:03 +0000  copying file ./SAMManageWalletCell.nib ... 
2018-12-06 15:09:03 +0000  3765 bytes for ./SAMManageWalletCell.nib
2018-12-06 15:09:03 +0000  /usr/bin/ditto exited with 0
2018-12-06 15:09:03 +0000  Processing step: IDEDistributionEmbedProfileStep
2018-12-06 15:09:03 +0000  Processing step: IDEDistributionItemRemovalStep
2018-12-06 15:09:03 +0000  Processing step: IDEDistributionAppThinningPlistStep
2018-12-06 15:09:03 +0000  Skipping step: IDEDistributionAppThinningPlistStep because it said so
2018-12-06 15:09:03 +0000  Processing step: IDEDistributionCompileBitcodeStep
2018-12-06 15:09:03 +0000  Skipping step: IDEDistributionCompileBitcodeStep because it said so
2018-12-06 15:09:03 +0000  Processing step: IDEDistributionCodeSlimmingStep
2018-12-06 15:09:03 +0000  Processing step: IDEDistributionCopyBCSymbolMapsStep
2018-12-06 15:09:03 +0000  Processing step: IDEDistributionSymbolsStep
2018-12-06 15:09:03 +0000  Processing symbols for SamosWallet.app
2018-12-06 15:09:03 +0000  Running /usr/bin/rsync '-8aPhhE' '/var/folders/92/51zsrt190wn7xlq924skvywr0000gn/T/XcodeDistPipeline.KP4/Root/Payload/SamosWallet.app' '--link-dest' '/var/folders/92/51zsrt190wn7xlq924skvywr0000gn/T/XcodeDistPipeline.KP4/Root/Payload' '/var/folders/92/51zsrt190wn7xlq924skvywr0000gn/T/XcodeDistPipeline.KP4'
2018-12-06 15:09:03 +0000  building file list ... 
2018-12-06 15:09:03 +0000   0 files...2018-12-06 15:09:03 +0000  86 files to consider
2018-12-06 15:09:03 +0000  SamosWallet.app/
2018-12-06 15:09:03 +0000  SamosWallet.app/MJRefresh.bundle/
SamosWallet.app/MJRefresh.bundle/en.lproj/
2018-12-06 15:09:03 +0000  SamosWallet.app/MJRefresh.bundle/zh-Hans.lproj/
SamosWallet.app/MJRefresh.bundle/zh-Hant.lproj/
SamosWallet.app/SAMSelectLanuageSheet.nib/
SamosWallet.app/SAMSelectUnitSheet.nib/
SamosWallet.app/SVProgressHUD.bundle/
SamosWallet.app/_CodeSignature/
SamosWallet.app/en.lproj/
SamosWallet.app/zh-Hans.lproj/
2018-12-06 15:09:03 +0000  
2018-12-06 15:09:03 +0000  sent 2.74K bytes  received 86 bytes  5.65K bytes/sec
total size is 28.98M  speedup is 10498.33
2018-12-06 15:09:03 +0000  /usr/bin/rsync exited with 0
2018-12-06 15:09:03 +0000  Running /usr/bin/rsync '-8aPhhE' '/Users/hanyouhong/Library/Developer/Xcode/Archives/2018-12-06/GaltWallet 2018-12-6 下午11.08.xcarchive/dSYMs/' '--link-dest' '/Users/hanyouhong/Library/Developer/Xcode/Archives/2018-12-06/GaltWallet 2018-12-6 下午11.08.xcarchive/dSYMs/' '/var/folders/92/51zsrt190wn7xlq924skvywr0000gn/T/XcodeDistPipeline.KP4'
2018-12-06 15:09:03 +0000  building file list ... 
2018-12-06 15:09:03 +0000   0 files...2018-12-06 15:09:03 +0000  7 files to consider
2018-12-06 15:09:03 +0000  ./
2018-12-06 15:09:03 +0000  SamosWallet.app.dSYM/
SamosWallet.app.dSYM/Contents/
SamosWallet.app.dSYM/Contents/Resources/
2018-12-06 15:09:03 +0000  SamosWallet.app.dSYM/Contents/Resources/DWARF/
2018-12-06 15:09:03 +0000  
2018-12-06 15:09:03 +0000  sent 247 bytes  received 50 bytes  594.00 bytes/sec
total size is 10.86M  speedup is 38354.54
2018-12-06 15:09:03 +0000  /usr/bin/rsync exited with 0
2018-12-06 15:09:03 +0000  Running /Applications/Xcode.app/Contents/Developer/usr/bin/symbols '-noTextInSOD' '-noDaemon' '-arch' 'all' '-symbolsPackageDir' '/var/folders/92/51zsrt190wn7xlq924skvywr0000gn/T/XcodeDistPipeline.KP4/Symbols' '/var/folders/92/51zsrt190wn7xlq924skvywr0000gn/T/XcodeDistPipeline.KP4/SamosWallet.app.dSYM/Contents/Resources/Dwarf/SamosWallet'
2018-12-06 15:09:03 +0000  /var/folders/92/51zsrt190wn7xlq924skvywr0000gn/T/XcodeDistPipeline.KP4/SamosWallet.app.dSYM/Contents/Resources/Dwarf/SamosWallet [armv7, 0.182580 seconds]:
/var/folders/92/51zsrt190wn7xlq924skvywr0000gn/T/XcodeDistPipeline.KP4/SamosWallet.app.dSYM/Contents/Resources/Dwarf/SamosWallet [arm64, 0.182580 seconds]:
2018-12-06 15:09:03 +0000  /Applications/Xcode.app/Contents/Developer/usr/bin/symbols exited with 0
2018-12-06 15:09:03 +0000  Processing step: IDEDistributionCopyAppleProvidedContentStep
2018-12-06 15:09:03 +0000  Processing step: IDEDistributionAppThinningStep
2018-12-06 15:09:03 +0000  Skipping step: IDEDistributionAppThinningStep because it said so
2018-12-06 15:09:03 +0000  Processing step: IDEDistributionODRStep
2018-12-06 15:09:03 +0000  Processing step: IDEDistributionStripXattrsStep
2018-12-06 15:09:03 +0000  Running /usr/bin/xattr '-crs' '/var/folders/92/51zsrt190wn7xlq924skvywr0000gn/T/XcodeDistPipeline.KP4/Root/Payload/SamosWallet.app'
2018-12-06 15:09:04 +0000  /usr/bin/xattr exited with 0
2018-12-06 15:09:04 +0000  Processing step: IDEDistributionCodesignStep
2018-12-06 15:09:04 +0000  Entitlements for <IDEDistributionItem: 0x7f8063d5f3b0 'io.samos.galt' '<DVTFilePath:0x7f80610f4a10:'/Users/hanyouhong/Library/Developer/Xcode/Archives/2018-12-06/GaltWallet 2018-12-6 下午11.08.xcarchive/Products/Applications/SamosWallet.app'>'>: {
    "application-identifier" = "QPF299Z3Y5.io.samos.galt";
    "beta-reports-active" = 1;
    "com.apple.developer.team-identifier" = QPF299Z3Y5;
    "get-task-allow" = 0;
    "keychain-access-groups" =     (
        "QPF299Z3Y5.io.samos.galt"
    );
}
2018-12-06 15:09:04 +0000  Writing entitlements for <IDEDistributionItem: 0x7f8063d5f3b0 'io.samos.galt' '<DVTFilePath:0x7f80610f4a10:'/Users/hanyouhong/Library/Developer/Xcode/Archives/2018-12-06/GaltWallet 2018-12-6 下午11.08.xcarchive/Products/Applications/SamosWallet.app'>'> to: /var/folders/92/51zsrt190wn7xlq924skvywr0000gn/T/XcodeDistPipeline.KP4/entitlementsuH1eHC
2018-12-06 15:09:04 +0000  Running /usr/bin/codesign '-vvv' '--force' '--sign' 'AFBCFFD0069EC3C67DEE4BAE524C2DF40095A2E0' '--entitlements' '/var/folders/92/51zsrt190wn7xlq924skvywr0000gn/T/XcodeDistPipeline.KP4/entitlementsuH1eHC' '--preserve-metadata=identifier,flags,runtime' '/var/folders/92/51zsrt190wn7xlq924skvywr0000gn/T/XcodeDistPipeline.KP4/Root/Payload/SamosWallet.app'
2018-12-06 15:09:04 +0000  /var/folders/92/51zsrt190wn7xlq924skvywr0000gn/T/XcodeDistPipeline.KP4/Root/Payload/SamosWallet.app: replacing existing signature
2018-12-06 15:09:04 +0000  /var/folders/92/51zsrt190wn7xlq924skvywr0000gn/T/XcodeDistPipeline.KP4/Root/Payload/SamosWallet.app: signed app bundle with Mach-O universal (armv7 arm64) [io.samos.galt]
2018-12-06 15:09:04 +0000  /usr/bin/codesign exited with 0
2018-12-06 15:09:04 +0000  Processing step: IDEDistributionZipODRItemStep
2018-12-06 15:09:04 +0000  Skipping step: IDEDistributionZipODRItemStep because it said so
2018-12-06 15:09:04 +0000  Processing step: IDEDistributionCreateIPAStep
2018-12-06 15:09:04 +0000  Running /usr/bin/rsync '-8aPhhE' '/var/folders/92/51zsrt190wn7xlq924skvywr0000gn/T/XcodeDistPipeline.KP4/Symbols' '--link-dest' '/var/folders/92/51zsrt190wn7xlq924skvywr0000gn/T/XcodeDistPipeline.KP4' '/var/folders/92/51zsrt190wn7xlq924skvywr0000gn/T/XcodeDistPipeline.KP4/Root'
2018-12-06 15:09:04 +0000  building file list ... 
2018-12-06 15:09:04 +0000   0 files...2018-12-06 15:09:04 +0000  3 files to consider
2018-12-06 15:09:04 +0000  Symbols/
2018-12-06 15:09:04 +0000  
2018-12-06 15:09:04 +0000  sent 199 bytes  received 26 bytes  450.00 bytes/sec
total size is 752  speedup is 3.34
2018-12-06 15:09:04 +0000  /usr/bin/rsync exited with 0
2018-12-06 15:09:04 +0000  Running /usr/bin/ditto '-V' '-c' '-k' '--norsrc' '/var/folders/92/51zsrt190wn7xlq924skvywr0000gn/T/XcodeDistPipeline.KP4/Root' '/var/folders/92/51zsrt190wn7xlq924skvywr0000gn/T/XcodeDistPipeline.KP4/Packages/GaltWallet.ipa'
2018-12-06 15:09:04 +0000  >>> Copying /var/folders/92/51zsrt190wn7xlq924skvywr0000gn/T/XcodeDistPipeline.KP4/Root 
2018-12-06 15:09:04 +0000  copying file ./Payload/SamosWallet.app/SAMMeCell.nib ... 
2018-12-06 15:09:04 +0000  3396 bytes for ./Payload/SamosWallet.app/SAMMeCell.nib
2018-12-06 15:09:04 +0000  copying file ./Payload/SamosWallet.app/_CodeSignature/CodeResources ... 
2018-12-06 15:09:04 +0000  24914 bytes for ./Payload/SamosWallet.app/_CodeSignature/CodeResources
2018-12-06 15:09:04 +0000  copying file ./Payload/SamosWallet.app/SAMWalletMemorizingWordsItem.nib ... 
2018-12-06 15:09:04 +0000  4140 bytes for ./Payload/SamosWallet.app/SAMWalletMemorizingWordsItem.nib
2018-12-06 15:09:04 +0000  copying file ./Payload/SamosWallet.app/zh-Hans.lproj/SAMLanguage.strings ... 
2018-12-06 15:09:04 +0000  566 bytes for ./Payload/SamosWallet.app/zh-Hans.lproj/SAMLanguage.strings
copying file ./Payload/SamosWallet.app/SAMSystemSettingCell.nib ... 
2018-12-06 15:09:04 +0000  3361 bytes for ./Payload/SamosWallet.app/SAMSystemSettingCell.nib
2018-12-06 15:09:04 +0000  copying file ./Payload/SamosWallet.app/SAMTradeRecordDetailBottomBar.nib ... 
2018-12-06 15:09:04 +0000  2901 bytes for ./Payload/SamosWallet.app/SAMTradeRecordDetailBottomBar.nib
copying file ./Payload/SamosWallet.app/AppIcon20x20@2x.png ... 
2018-12-06 15:09:04 +0000  3023 bytes for ./Payload/SamosWallet.app/AppIcon20x20@2x.png
2018-12-06 15:09:04 +0000  copying file ./Payload/SamosWallet.app/SAMTradeBottomBar.nib ... 
2018-12-06 15:09:04 +0000  2757 bytes for ./Payload/SamosWallet.app/SAMTradeBottomBar.nib
2018-12-06 15:09:04 +0000  copying file ./Payload/SamosWallet.app/en.lproj/SAMLanguage.strings ... 
2018-12-06 15:09:04 +0000  602 bytes for ./Payload/SamosWallet.app/en.lproj/SAMLanguage.strings
copying file ./Payload/SamosWallet.app/SAMHomeMenuToolCell.nib ... 
2018-12-06 15:09:04 +0000  3061 bytes for ./Payload/SamosWallet.app/SAMHomeMenuToolCell.nib
2018-12-06 15:09:04 +0000  copying file ./Payload/SamosWallet.app/SAMReceiveCell.nib ... 
2018-12-06 15:09:04 +0000  4568 bytes for ./Payload/SamosWallet.app/SAMReceiveCell.nib
2018-12-06 15:09:04 +0000  copying file ./Payload/SamosWallet.app/AppIcon20x20@3x.png ... 
2018-12-06 15:09:04 +0000  4931 bytes for ./Payload/SamosWallet.app/AppIcon20x20@3x.png
2018-12-06 15:09:04 +0000  copying file ./Payload/SamosWallet.app/SAMSendDetailSheet.nib ... 
2018-12-06 15:09:04 +0000  7506 bytes for ./Payload/SamosWallet.app/SAMSendDetailSheet.nib
2018-12-06 15:09:04 +0000  copying file ./Payload/SamosWallet.app/MJRefresh.bundle/zh-Hans.lproj/Localizable.strings ... 
2018-12-06 15:09:04 +0000  1194 bytes for ./Payload/SamosWallet.app/MJRefresh.bundle/zh-Hans.lproj/Localizable.strings
2018-12-06 15:09:04 +0000  copying file ./Payload/SamosWallet.app/MJRefresh.bundle/en.lproj/Localizable.strings ... 
2018-12-06 15:09:04 +0000  1372 bytes for ./Payload/SamosWallet.app/MJRefresh.bundle/en.lproj/Localizable.strings
copying file ./Payload/SamosWallet.app/MJRefresh.bundle/arrow@2x.png ... 
2018-12-06 15:09:04 +0000  1033 bytes for ./Payload/SamosWallet.app/MJRefresh.bundle/arrow@2x.png
copying file ./Payload/SamosWallet.app/MJRefresh.bundle/zh-Hant.lproj/Localizable.strings ... 
2018-12-06 15:09:04 +0000  773 bytes for ./Payload/SamosWallet.app/MJRefresh.bundle/zh-Hant.lproj/Localizable.strings
2018-12-06 15:09:04 +0000  copying file ./Payload/SamosWallet.app/SAMMeHeaderView.nib ... 
2018-12-06 15:09:04 +0000  3838 bytes for ./Payload/SamosWallet.app/SAMMeHeaderView.nib
2018-12-06 15:09:04 +0000  copying file ./Payload/SamosWallet.app/AppIcon60x60@2x.png ... 
2018-12-06 15:09:04 +0000  10348 bytes for ./Payload/SamosWallet.app/AppIcon60x60@2x.png
2018-12-06 15:09:04 +0000  copying file ./Payload/SamosWallet.app/SAMWalletDetailBottomBar.nib ... 
2018-12-06 15:09:04 +0000  3390 bytes for ./Payload/SamosWallet.app/SAMWalletDetailBottomBar.nib
copying file ./Payload/SamosWallet.app/SAMCoinTradeRecordListCell.nib ... 
2018-12-06 15:09:04 +0000  4589 bytes for ./Payload/SamosWallet.app/SAMCoinTradeRecordListCell.nib
copying file ./Payload/SamosWallet.app/AppIcon29x29@2x.png ... 
2018-12-06 15:09:04 +0000  4654 bytes for ./Payload/SamosWallet.app/AppIcon29x29@2x.png
2018-12-06 15:09:04 +0000  copying file ./Payload/SamosWallet.app/SAMWalletIconItem.nib ... 
2018-12-06 15:09:04 +0000  3995 bytes for ./Payload/SamosWallet.app/SAMWalletIconItem.nib
2018-12-06 15:09:04 +0000  copying file ./Payload/SamosWallet.app/SAMBackupWordsCell.nib ... 
2018-12-06 15:09:04 +0000  6015 bytes for ./Payload/SamosWallet.app/SAMBackupWordsCell.nib
2018-12-06 15:09:04 +0000  copying file ./Payload/SamosWallet.app/AppIcon40x40@3x.png ... 
2018-12-06 15:09:04 +0000  10348 bytes for ./Payload/SamosWallet.app/AppIcon40x40@3x.png
2018-12-06 15:09:04 +0000  copying file ./Payload/SamosWallet.app/SAMWalletPasswordPopView.nib ... 
2018-12-06 15:09:04 +0000  8643 bytes for ./Payload/SamosWallet.app/SAMWalletPasswordPopView.nib
2018-12-06 15:09:04 +0000  copying file ./Payload/SamosWallet.app/SAMHomeMenuHeaderView.nib ... 
2018-12-06 15:09:04 +0000  2012 bytes for ./Payload/SamosWallet.app/SAMHomeMenuHeaderView.nib
copying file ./Payload/SamosWallet.app/SAMWalletNameItem.nib ... 
2018-12-06 15:09:04 +0000  4135 bytes for ./Payload/SamosWallet.app/SAMWalletNameItem.nib
2018-12-06 15:09:04 +0000  copying file ./Payload/SamosWallet.app/AppIcon40x40@2x.png ... 
2018-12-06 15:09:04 +0000  6384 bytes for ./Payload/SamosWallet.app/AppIcon40x40@2x.png
copying file ./Payload/SamosWallet.app/SAMVerifyWordsCell.nib ... 
2018-12-06 15:09:04 +0000  6065 bytes for ./Payload/SamosWallet.app/SAMVerifyWordsCell.nib
2018-12-06 15:09:04 +0000  copying file ./Payload/SamosWallet.app/AppIcon29x29@3x.png ... 
2018-12-06 15:09:04 +0000  7100 bytes for ./Payload/SamosWallet.app/AppIcon29x29@3x.png
2018-12-06 15:09:04 +0000  copying file ./Payload/SamosWallet.app/SAMReceiveBottomBar.nib ... 
2018-12-06 15:09:04 +0000  3291 bytes for ./Payload/SamosWallet.app/SAMReceiveBottomBar.nib
copying file ./Payload/SamosWallet.app/LaunchScreen.nib ... 
2018-12-06 15:09:04 +0000  1572 bytes for ./Payload/SamosWallet.app/LaunchScreen.nib
2018-12-06 15:09:04 +0000  copying file ./Payload/SamosWallet.app/SAMWalletDetailCell.nib ... 
2018-12-06 15:09:04 +0000  6070 bytes for ./Payload/SamosWallet.app/SAMWalletDetailCell.nib
2018-12-06 15:09:04 +0000  copying file ./Payload/SamosWallet.app/AppIcon60x60@3x.png ... 
2018-12-06 15:09:04 +0000  14083 bytes for ./Payload/SamosWallet.app/AppIcon60x60@3x.png
2018-12-06 15:09:04 +0000  copying file ./Payload/SamosWallet.app/SAMSendInputPwdSheet.nib ... 
2018-12-06 15:09:04 +0000  6001 bytes for ./Payload/SamosWallet.app/SAMSendInputPwdSheet.nib
copying file ./Payload/SamosWallet.app/SamosWallet ... 
2018-12-06 15:09:05 +0000  14764976 bytes for ./Payload/SamosWallet.app/SamosWallet
2018-12-06 15:09:05 +0000  copying file ./Payload/SamosWallet.app/SAMSaveWordsAlert.nib ... 
5100 bytes for ./Payload/SamosWallet.app/SAMSaveWordsAlert.nib
copying file ./Payload/SamosWallet.app/SAMSendBottomBar.nib ... 
2876 bytes for ./Payload/SamosWallet.app/SAMSendBottomBar.nib
copying file ./Payload/SamosWallet.app/SAMCoinDetailHeader.nib ... 
2018-12-06 15:09:05 +0000  5370 bytes for ./Payload/SamosWallet.app/SAMCoinDetailHeader.nib
copying file ./Payload/SamosWallet.app/SAMGuideScrollViewItem.nib ... 
2018-12-06 15:09:05 +0000  2165 bytes for ./Payload/SamosWallet.app/SAMGuideScrollViewItem.nib
2018-12-06 15:09:05 +0000  copying file ./Payload/SamosWallet.app/SAMSelectLanuageSheet.nib/objects-11.0+.nib ... 
2018-12-06 15:09:05 +0000  4395 bytes for ./Payload/SamosWallet.app/SAMSelectLanuageSheet.nib/objects-11.0+.nib
2018-12-06 15:09:05 +0000  copying file ./Payload/SamosWallet.app/SAMSelectLanuageSheet.nib/runtime.nib ... 
2018-12-06 15:09:05 +0000  4520 bytes for ./Payload/SamosWallet.app/SAMSelectLanuageSheet.nib/runtime.nib
2018-12-06 15:09:05 +0000  copying file ./Payload/SamosWallet.app/Assets.car ... 
2018-12-06 15:09:06 +0000  15321064 bytes for ./Payload/SamosWallet.app/Assets.car
2018-12-06 15:09:06 +0000  copying file ./Payload/SamosWallet.app/SAMLoadingView.nib ... 
2018-12-06 15:09:06 +0000  3568 bytes for ./Payload/SamosWallet.app/SAMLoadingView.nib
copying file ./Payload/SamosWallet.app/SAMHomeMenuWalletCell.nib ... 
2018-12-06 15:09:06 +0000  3791 bytes for ./Payload/SamosWallet.app/SAMHomeMenuWalletCell.nib
2018-12-06 15:09:06 +0000  copying file ./Payload/SamosWallet.app/SAMAboutUsHeaderView.nib ... 
2018-12-06 15:09:06 +0000  3240 bytes for ./Payload/SamosWallet.app/SAMAboutUsHeaderView.nib
copying file ./Payload/SamosWallet.app/SAMFirstManageWalletCell.nib ... 
2018-12-06 15:09:06 +0000  5616 bytes for ./Payload/SamosWallet.app/SAMFirstManageWalletCell.nib
2018-12-06 15:09:06 +0000  copying file ./Payload/SamosWallet.app/SAMHomeWalletCoinCell.nib ... 
2018-12-06 15:09:06 +0000  4861 bytes for ./Payload/SamosWallet.app/SAMHomeWalletCoinCell.nib
2018-12-06 15:09:06 +0000  copying file ./Payload/SamosWallet.app/SAMSendCell.nib ... 
2018-12-06 15:09:06 +0000  6024 bytes for ./Payload/SamosWallet.app/SAMSendCell.nib
2018-12-06 15:09:06 +0000  copying file ./Payload/SamosWallet.app/SAMVersionCell.nib ... 
2018-12-06 15:09:06 +0000  2925 bytes for ./Payload/SamosWallet.app/SAMVersionCell.nib
copying file ./Payload/SamosWallet.app/SAMHomeWalletHeaderView.nib ... 
2018-12-06 15:09:06 +0000  5634 bytes for ./Payload/SamosWallet.app/SAMHomeWalletHeaderView.nib
2018-12-06 15:09:06 +0000  copying file ./Payload/SamosWallet.app/SAMManageWalletBottomView.nib ... 
2018-12-06 15:09:06 +0000  3283 bytes for ./Payload/SamosWallet.app/SAMManageWalletBottomView.nib
copying file ./Payload/SamosWallet.app/SAMWalletIconListItem.nib ... 
2018-12-06 15:09:06 +0000  2522 bytes for ./Payload/SamosWallet.app/SAMWalletIconListItem.nib
2018-12-06 15:09:06 +0000  copying file ./Payload/SamosWallet.app/embedded.mobileprovision ... 
2018-12-06 15:09:06 +0000  7508 bytes for ./Payload/SamosWallet.app/embedded.mobileprovision
2018-12-06 15:09:06 +0000  copying file ./Payload/SamosWallet.app/SVProgressHUD.bundle/info.png ... 
2018-12-06 15:09:06 +0000  365 bytes for ./Payload/SamosWallet.app/SVProgressHUD.bundle/info.png
copying file ./Payload/SamosWallet.app/SVProgressHUD.bundle/error@3x.png ... 
2018-12-06 15:09:06 +0000  398 bytes for ./Payload/SamosWallet.app/SVProgressHUD.bundle/error@3x.png
2018-12-06 15:09:06 +0000  copying file ./Payload/SamosWallet.app/SVProgressHUD.bundle/angle-mask@3x.png ... 
2018-12-06 15:09:06 +0000  8319 bytes for ./Payload/SamosWallet.app/SVProgressHUD.bundle/angle-mask@3x.png
2018-12-06 15:09:06 +0000  copying file ./Payload/SamosWallet.app/SVProgressHUD.bundle/angle-mask@2x.png ... 
4893 bytes for ./Payload/SamosWallet.app/SVProgressHUD.bundle/angle-mask@2x.png
copying file ./Payload/SamosWallet.app/SVProgressHUD.bundle/error@2x.png ... 
2018-12-06 15:09:06 +0000  306 bytes for ./Payload/SamosWallet.app/SVProgressHUD.bundle/error@2x.png
copying file ./Payload/SamosWallet.app/SVProgressHUD.bundle/info@3x.png ... 
2018-12-06 15:09:06 +0000  1200 bytes for ./Payload/SamosWallet.app/SVProgressHUD.bundle/info@3x.png
2018-12-06 15:09:06 +0000  copying file ./Payload/SamosWallet.app/SVProgressHUD.bundle/success@2x.png ... 
2018-12-06 15:09:06 +0000  462 bytes for ./Payload/SamosWallet.app/SVProgressHUD.bundle/success@2x.png
copying file ./Payload/SamosWallet.app/SVProgressHUD.bundle/success@3x.png ... 
2018-12-06 15:09:06 +0000  714 bytes for ./Payload/SamosWallet.app/SVProgressHUD.bundle/success@3x.png
copying file ./Payload/SamosWallet.app/SVProgressHUD.bundle/info@2x.png ... 
2018-12-06 15:09:06 +0000  816 bytes for ./Payload/SamosWallet.app/SVProgressHUD.bundle/info@2x.png
2018-12-06 15:09:06 +0000  copying file ./Payload/SamosWallet.app/SVProgressHUD.bundle/error.png ... 
2018-12-06 15:09:06 +0000  184 bytes for ./Payload/SamosWallet.app/SVProgressHUD.bundle/error.png
copying file ./Payload/SamosWallet.app/SVProgressHUD.bundle/success.png ... 
262 bytes for ./Payload/SamosWallet.app/SVProgressHUD.bundle/success.png
2018-12-06 15:09:06 +0000  copying file ./Payload/SamosWallet.app/SVProgressHUD.bundle/angle-mask.png ... 
2018-12-06 15:09:06 +0000  1845 bytes for ./Payload/SamosWallet.app/SVProgressHUD.bundle/angle-mask.png
copying file ./Payload/SamosWallet.app/SAMSelectLanuageCell.nib ... 
2018-12-06 15:09:06 +0000  3447 bytes for ./Payload/SamosWallet.app/SAMSelectLanuageCell.nib
2018-12-06 15:09:06 +0000  copying file ./Payload/SamosWallet.app/SAMSelectUnitSheet.nib/objects-11.0+.nib ... 
2018-12-06 15:09:06 +0000  4394 bytes for ./Payload/SamosWallet.app/SAMSelectUnitSheet.nib/objects-11.0+.nib
2018-12-06 15:09:06 +0000  copying file ./Payload/SamosWallet.app/SAMSelectUnitSheet.nib/runtime.nib ... 
2018-12-06 15:09:06 +0000  4522 bytes for ./Payload/SamosWallet.app/SAMSelectUnitSheet.nib/runtime.nib
2018-12-06 15:09:06 +0000  copying file ./Payload/SamosWallet.app/Info.plist ... 
2018-12-06 15:09:06 +0000  1467 bytes for ./Payload/SamosWallet.app/Info.plist
copying file ./Payload/SamosWallet.app/SAMTradeRecordDetailCell.nib ... 
2018-12-06 15:09:06 +0000  8656 bytes for ./Payload/SamosWallet.app/SAMTradeRecordDetailCell.nib
2018-12-06 15:09:06 +0000  copying file ./Payload/SamosWallet.app/SAMAddNewCoinCell.nib ... 
2018-12-06 15:09:06 +0000  4632 bytes for ./Payload/SamosWallet.app/SAMAddNewCoinCell.nib
2018-12-06 15:09:06 +0000  copying file ./Payload/SamosWallet.app/PkgInfo ... 
8 bytes for ./Payload/SamosWallet.app/PkgInfo
copying file ./Payload/SamosWallet.app/SAMManageWalletCell.nib ... 
2018-12-06 15:09:06 +0000  3765 bytes for ./Payload/SamosWallet.app/SAMManageWalletCell.nib
2018-12-06 15:09:06 +0000  copying file ./Symbols/33F6522E-5E0D-3B33-9D46-46AD233B6D19.symbols ... 
2018-12-06 15:09:06 +0000  376 bytes for ./Symbols/33F6522E-5E0D-3B33-9D46-46AD233B6D19.symbols
copying file ./Symbols/F98B4244-C108-35DA-B0DD-562DA6B58585.symbols ... 
2018-12-06 15:09:06 +0000  376 bytes for ./Symbols/F98B4244-C108-35DA-B0DD-562DA6B58585.symbols
2018-12-06 15:09:06 +0000  /usr/bin/ditto exited with 0
2018-12-06 15:09:06 +0000  Processing step: IDEDistributionAppStoreInformationStep
2018-12-06 15:09:06 +0000  Skipping step: IDEDistributionAppStoreInformationStep because it said so
2018-12-06 15:09:06 +0000  Processing step: IDEDistributionCreateManifestStep
2018-12-06 15:09:06 +0000  Skipping step: IDEDistributionCreateManifestStep because it said so
